<?xml version="1.0" encoding="UTF-8"?>
<testng-results ignored="0" total="1" passed="1" failed="0" skipped="0">
  <reporter-output>
    <line>
      <![CDATA[Hi]]>
    </line>
  </reporter-output>
  <suite started-at="2022-07-20T17:46:52 IST" name="Default suite" finished-at="2022-07-20T17:46:52 IST" duration-ms="79">
    <groups>
    </groups>
    <test started-at="2022-07-20T17:46:52 IST" name="Default test" finished-at="2022-07-20T17:46:52 IST" duration-ms="79">
      <class name="MAVENPROJECT.MavenClassTest">
        <test-method signature="display()[pri:0, instance:MAVENPROJECT.MavenClassTest@729d991e]" started-at="2022-07-20T17:46:52 IST" name="display" finished-at="2022-07-20T17:46:52 IST" duration-ms="12" status="PASS">
          <reporter-output>
            <line>
              <![CDATA[Hi]]>
            </line>
          </reporter-output>
        </test-method> <!-- display -->
      </class> <!-- MAVENPROJECT.MavenClassTest -->
    </test> <!-- Default test -->
  </suite> <!-- Default suite -->
</testng-results>
